<?xml version="1.0" encoding="utf-8"?><testsuites name="pytest tests"><testsuite name="pytest" errors="0" failures="0" skipped="0" tests="24" time="1.166" timestamp="2026-06-17T11:04:16.383074+09:00" hostname="DESKTOP-VTGD3OT"><testcase classname="tests.integration.test_it_download" name="test_it19_template_download_redirect" time="0.029" /><testcase classname="tests.integration.test_it_download" name="test_it20_signed_download_ok_and_tampered_404" time="0.022" /><testcase classname="tests.integration.test_it_download" name="test_it21_bulk_download_zip" time="0.134" /><testcase classname="tests.integration.test_it_download" name="test_it22_signature_verification" time="0.030" /><testcase classname="tests.integration.test_it_hr" name="test_it10_personal_history" time="0.030" /><testcase classname="tests.integration.test_it_hr" name="test_it11_hr_roster_status" time="0.079" /><testcase classname="tests.integration.test_it_hr" name="test_it12_hr_missing" time="0.047" /><testcase classname="tests.integration.test_it_hr" name="test_it13_hr_remind_invokes_reminder" time="0.043" /><testcase classname="tests.integration.test_it_hr" name="test_it15_roster_add_and_broadcast" time="0.048" /><testcase classname="tests.integration.test_it_hr" name="test_it16_roster_list" time="0.034" /><testcase classname="tests.integration.test_it_hr" name="test_it17_roster_update_and_broadcast" time="0.050" /><testcase classname="tests.integration.test_it_hr" name="test_it18_roster_delete_and_unlink" time="0.055" /><testcase classname="tests.integration.test_it_hr" name="test_it23_late_resubmit_notifies_hr" time="0.048" /><testcase classname="tests.integration.test_it_registration" name="test_it01_registration_happy_path" time="0.044" /><testcase classname="tests.integration.test_it_registration" name="test_it02_name_not_in_roster" time="0.030" /><testcase classname="tests.integration.test_it_registration" name="test_it03_duplicate_name" time="0.035" /><testcase classname="tests.integration.test_it_reminder" name="test_it14_scheduled_reminder_sends_to_linked_unsubmitted" time="0.046" /><testcase classname="tests.integration.test_it_reminder" name="test_it14b_reminder_manual_payload_specific_type" time="0.037" /><testcase classname="tests.integration.test_it_submission" name="test_it04_kintai_submit_ok" time="0.047" /><testcase classname="tests.integration.test_it_submission" name="test_it05_period_mismatch_not_saved" time="0.032" /><testcase classname="tests.integration.test_it_submission" name="test_it06_name_mismatch_not_saved" time="0.036" /><testcase classname="tests.integration.test_it_submission" name="test_it07_holiday_work_warning_but_saved" time="0.043" /><testcase classname="tests.integration.test_it_submission" name="test_it08_missing_dates_warning" time="0.050" /><testcase classname="tests.integration.test_it_submission" name="test_it09_pending_then_resolve_by_typeword" time="0.070" /></testsuite></testsuites>