<?xml version="1.0" encoding="utf-8"?><testsuites name="pytest tests"><testsuite name="pytest" errors="0" failures="0" skipped="0" tests="69" time="1.125" timestamp="2026-06-17T10:53:57.890795+09:00" hostname="DESKTOP-VTGD3OT"><testcase classname="tests.test_business" name="test_normalize_period_yyyymm" time="0.001" /><testcase classname="tests.test_business" name="test_normalize_period_bracket" time="0.001" /><testcase classname="tests.test_business" name="test_normalize_period_hyphen_zeropad" time="0.001" /><testcase classname="tests.test_business" name="test_normalize_period_month_word" time="0.001" /><testcase classname="tests.test_business" name="test_normalize_period_empty_or_none" time="0.001" /><testcase classname="tests.test_business" name="test_normalize_period_irrelevant_text" time="0.001" /><testcase classname="tests.test_business" name="test_normalize_period_month_over_12_unguarded" time="0.001" /><testcase classname="tests.test_business" name="test_infer_type_kintai_by_filename" time="0.001" /><testcase classname="tests.test_business" name="test_infer_type_commute_by_filename" time="0.001" /><testcase classname="tests.test_business" name="test_infer_type_kintai_priority" time="0.000" /><testcase classname="tests.test_business" name="test_infer_type_unknown" time="0.000" /><testcase classname="tests.test_business" name="test_infer_type_none_empty" time="0.001" /><testcase classname="tests.test_business" name="test_infer_type_case_insensitive" time="0.000" /><testcase classname="tests.test_business" name="test_infer_type_by_text_arg" time="0.000" /><testcase classname="tests.test_business" name="test_norm_name_half_space" time="0.001" /><testcase classname="tests.test_business" name="test_norm_name_full_space" time="0.000" /><testcase classname="tests.test_business" name="test_norm_name_trailing_space" time="0.000" /><testcase classname="tests.test_business" name="test_norm_name_none" time="0.000" /><testcase classname="tests.test_business" name="test_is_late_resubmit_current_false" time="0.001" /><testcase classname="tests.test_business" name="test_is_late_resubmit_past_true" time="0.001" /><testcase classname="tests.test_business" name="test_is_late_resubmit_future_false" time="0.001" /><testcase classname="tests.test_business" name="test_check_file_period_match_kintai" time="0.005" /><testcase classname="tests.test_business" name="test_check_file_period_match_commute" time="0.001" /><testcase classname="tests.test_business" name="test_check_file_period_mismatch" time="0.001" /><testcase classname="tests.test_business" name="test_check_file_period_unreadable" time="0.001" /><testcase classname="tests.test_business" name="test_check_file_period_unknown_type" time="0.001" /><testcase classname="tests.test_business" name="test_holiday_work_warnings_weekend_with_time" time="0.001" /><testcase classname="tests.test_business" name="test_holiday_work_warnings_weekday_no_warn" time="0.001" /><testcase classname="tests.test_business" name="test_holiday_work_warnings_holiday_no_time" time="0.001" /><testcase classname="tests.test_business" name="test_holiday_work_warnings_holiday_marked" time="0.002" /><testcase classname="tests.test_business" name="test_holiday_work_warnings_commute_empty" time="0.001" /><testcase classname="tests.test_business" name="test_holiday_work_warnings_broken_file" time="0.001" /><testcase classname="tests.test_business" name="test_missing_dates_all_present" time="0.002" /><testcase classname="tests.test_business" name="test_missing_dates_first_and_last_missing" time="0.001" /><testcase classname="tests.test_business" name="test_missing_dates_other_month_not_counted" time="0.001" /><testcase classname="tests.test_business" name="test_missing_dates_leap_february" time="0.001" /><testcase classname="tests.test_business" name="test_missing_dates_commute_empty" time="0.001" /><testcase classname="tests.test_business" name="test_check_name_kintai_match" time="0.001" /><testcase classname="tests.test_business" name="test_check_name_kintai_mismatch" time="0.001" /><testcase classname="tests.test_business" name="test_check_name_commute_always_ok" time="0.001" /><testcase classname="tests.test_business" name="test_check_name_empty_b3" time="0.001" /><testcase classname="tests.test_jpholiday" name="test_is_holiday_new_year" time="0.000" /><testcase classname="tests.test_jpholiday" name="test_is_holiday_substitute" time="0.000" /><testcase classname="tests.test_jpholiday" name="test_is_holiday_weekday_false" time="0.000" /><testcase classname="tests.test_jpholiday" name="test_is_rest_day_weekend" time="0.000" /><testcase classname="tests.test_jpholiday" name="test_is_rest_day_holiday_on_weekday" time="0.000" /><testcase classname="tests.test_jpholiday" name="test_is_rest_day_plain_weekday_false" time="0.000" /><testcase classname="tests.test_webhook_pure" name="test_sign_key_deterministic" time="0.001" /><testcase classname="tests.test_webhook_pure" name="test_sign_key_16_hex" time="0.001" /><testcase classname="tests.test_webhook_pure" name="test_sign_key_differs_by_key" time="0.001" /><testcase classname="tests.test_webhook_pure" name="test_sign_key_depends_on_secret" time="0.001" /><testcase classname="tests.test_xlsx" name="test_to_date_serial_in_range" time="0.000" /><testcase classname="tests.test_xlsx" name="test_to_date_serial_lower_boundary" time="0.001" /><testcase classname="tests.test_xlsx" name="test_to_date_serial_upper_boundary" time="0.001" /><testcase classname="tests.test_xlsx" name="test_to_date_string_formats" time="0.000" /><testcase classname="tests.test_xlsx" name="test_to_date_invalid_month" time="0.000" /><testcase classname="tests.test_xlsx" name="test_to_date_none_and_garbage" time="0.000" /><testcase classname="tests.test_xlsx" name="test_col_of_single_and_multi" time="0.000" /><testcase classname="tests.test_xlsx" name="test_col_of_invalid" time="0.000" /><testcase classname="tests.test_xlsx" name="test_is_number_true" time="0.000" /><testcase classname="tests.test_xlsx" name="test_is_number_false" time="0.000" /><testcase classname="tests.test_xlsx" name="test_cell_map_string_and_number" time="0.001" /><testcase classname="tests.test_xlsx" name="test_cell_map_empty_cells_excluded" time="0.001" /><testcase classname="tests.test_xlsx" name="test_cell_map_broken_bytes" time="0.001" /><testcase classname="tests.test_xlsx" name="test_read_cell_missing" time="0.001" /><testcase classname="tests.test_xlsx" name="test_cell_year_month_from_date_serial" time="0.001" /><testcase classname="tests.test_xlsx" name="test_cell_year_month_from_text" time="0.001" /><testcase classname="tests.test_xlsx" name="test_cell_year_month_invalid_month" time="0.001" /><testcase classname="tests.test_xlsx" name="test_cell_year_month_empty" time="0.001" /></testsuite></testsuites>